<?xml version="1.0" encoding="UTF-8"?>
<robot generator="Robot 3.1.2 (Python 3.7.4 on darwin)" generated="20191103 21:02:46.593" rpa="false">
<suite id="s1" name="RegistrationTest" source="/Users/echalo/PycharmCoding/RobotFramework/Testcases/RegistrationTest.robot">
<test id="s1-t1" name="RegistrationTest">
<kw name="Open Browser" library="SeleniumLibrary">
<doc>Opens a new browser instance to the given ``url``.</doc>
<arguments>
<arg>http://www.newtours.demoaut.com/</arg>
<arg>chrome</arg>
</arguments>
<msg timestamp="20191103 21:02:46.816" level="INFO">Opening browser 'chrome' to base url 'http://www.newtours.demoaut.com/'.</msg>
<status status="PASS" starttime="20191103 21:02:46.816" endtime="20191103 21:02:50.333"></status>
</kw>
<kw name="Click Register Link" library="RegistrationKeywords">
<kw name="Click Link" library="SeleniumLibrary">
<doc>Clicks a link identified by ``locator``.</doc>
<arguments>
<arg>${Reg_link}</arg>
</arguments>
<msg timestamp="20191103 21:02:50.335" level="INFO">Clicking link 'link:REGISTER'.</msg>
<status status="PASS" starttime="20191103 21:02:50.335" endtime="20191103 21:02:51.027"></status>
</kw>
<status status="PASS" starttime="20191103 21:02:50.334" endtime="20191103 21:02:51.027"></status>
</kw>
<kw name="Enter First Name" library="RegistrationKeywords">
<arguments>
<arg>emma</arg>
</arguments>
<kw name="Input Text" library="SeleniumLibrary">
<doc>Types the given ``text`` into text field identified by ``locator``.</doc>
<arguments>
<arg>${txt_firstName}</arg>
<arg>${firtname}</arg>
</arguments>
<msg timestamp="20191103 21:02:51.028" level="INFO">Typing text 'emma' into text field 'name:firstName'.</msg>
<status status="PASS" starttime="20191103 21:02:51.028" endtime="20191103 21:02:51.161"></status>
</kw>
<status status="PASS" starttime="20191103 21:02:51.027" endtime="20191103 21:02:51.161"></status>
</kw>
<kw name="Enter Last Name" library="RegistrationKeywords">
<arguments>
<arg>emma</arg>
</arguments>
<kw name="Input Text" library="SeleniumLibrary">
<doc>Types the given ``text`` into text field identified by ``locator``.</doc>
<arguments>
<arg>${txt_lastName}</arg>
<arg>${lastname}</arg>
</arguments>
<msg timestamp="20191103 21:02:51.162" level="INFO">Typing text 'emma' into text field 'name:lastName'.</msg>
<status status="PASS" starttime="20191103 21:02:51.161" endtime="20191103 21:02:51.224"></status>
</kw>
<status status="PASS" starttime="20191103 21:02:51.161" endtime="20191103 21:02:51.224"></status>
</kw>
<kw name="Enter Phone" library="RegistrationKeywords">
<arguments>
<arg>123456789</arg>
</arguments>
<kw name="Input Text" library="SeleniumLibrary">
<doc>Types the given ``text`` into text field identified by ``locator``.</doc>
<arguments>
<arg>${txt_phone}</arg>
<arg>${phone}</arg>
</arguments>
<msg timestamp="20191103 21:02:51.225" level="INFO">Typing text '123456789' into text field 'name:phone'.</msg>
<status status="PASS" starttime="20191103 21:02:51.225" endtime="20191103 21:02:51.326"></status>
</kw>
<status status="PASS" starttime="20191103 21:02:51.224" endtime="20191103 21:02:51.326"></status>
</kw>
<kw name="Enter Email" library="RegistrationKeywords">
<arguments>
<arg>emma@gamil.com</arg>
</arguments>
<kw name="Input Text" library="SeleniumLibrary">
<doc>Types the given ``text`` into text field identified by ``locator``.</doc>
<arguments>
<arg>${txt_email}</arg>
<arg>${email}</arg>
</arguments>
<msg timestamp="20191103 21:02:51.327" level="INFO">Typing text 'emma@gamil.com' into text field 'name:userName'.</msg>
<status status="PASS" starttime="20191103 21:02:51.327" endtime="20191103 21:02:51.487"></status>
</kw>
<status status="PASS" starttime="20191103 21:02:51.326" endtime="20191103 21:02:51.487"></status>
</kw>
<kw name="Enter Address" library="RegistrationKeywords">
<arguments>
<arg>pacific drive</arg>
</arguments>
<kw name="Input Text" library="SeleniumLibrary">
<doc>Types the given ``text`` into text field identified by ``locator``.</doc>
<arguments>
<arg>${txt_address}</arg>
<arg>${address}</arg>
</arguments>
<msg timestamp="20191103 21:02:51.488" level="INFO">Typing text 'pacific drive' into text field 'name:address1'.</msg>
<status status="PASS" starttime="20191103 21:02:51.488" endtime="20191103 21:02:51.597"></status>
</kw>
<status status="PASS" starttime="20191103 21:02:51.487" endtime="20191103 21:02:51.597"></status>
</kw>
<kw name="Enter City" library="RegistrationKeywords">
<arguments>
<arg>London</arg>
</arguments>
<kw name="Input Text" library="SeleniumLibrary">
<doc>Types the given ``text`` into text field identified by ``locator``.</doc>
<arguments>
<arg>${txt_city}</arg>
<arg>${city}</arg>
</arguments>
<msg timestamp="20191103 21:02:51.598" level="INFO">Typing text 'London' into text field 'name:city'.</msg>
<status status="PASS" starttime="20191103 21:02:51.598" endtime="20191103 21:02:51.666"></status>
</kw>
<status status="PASS" starttime="20191103 21:02:51.597" endtime="20191103 21:02:51.666"></status>
</kw>
<kw name="Enter State" library="RegistrationKeywords">
<arguments>
<arg>London</arg>
</arguments>
<kw name="Input Text" library="SeleniumLibrary">
<doc>Types the given ``text`` into text field identified by ``locator``.</doc>
<arguments>
<arg>${txt_State}</arg>
<arg>${state}</arg>
</arguments>
<msg timestamp="20191103 21:02:51.667" level="INFO">Typing text 'London' into text field 'name:state'.</msg>
<status status="PASS" starttime="20191103 21:02:51.667" endtime="20191103 21:02:51.734"></status>
</kw>
<status status="PASS" starttime="20191103 21:02:51.666" endtime="20191103 21:02:51.734"></status>
</kw>
<kw name="Enter Post Code" library="RegistrationKeywords">
<arguments>
<arg>se280bz</arg>
</arguments>
<kw name="Input Text" library="SeleniumLibrary">
<doc>Types the given ``text`` into text field identified by ``locator``.</doc>
<arguments>
<arg>${txt_postalCode}</arg>
<arg>${postcode}</arg>
</arguments>
<msg timestamp="20191103 21:02:51.734" level="INFO">Typing text 'se280bz' into text field 'name:postalCode'.</msg>
<status status="PASS" starttime="20191103 21:02:51.734" endtime="20191103 21:02:51.806"></status>
</kw>
<status status="PASS" starttime="20191103 21:02:51.734" endtime="20191103 21:02:51.806"></status>
</kw>
<kw name="Select Country" library="RegistrationKeywords">
<arguments>
<arg>UNITED KINGDOM</arg>
</arguments>
<kw name="Select From List By Label" library="SeleniumLibrary">
<doc>Selects options from selection list ``locator`` by ``labels``.</doc>
<arguments>
<arg>${drp_country}</arg>
<arg>${country}</arg>
</arguments>
<msg timestamp="20191103 21:02:51.807" level="INFO">Selecting options from selection list 'name:country' by label UNITED KINGDOM.</msg>
<status status="PASS" starttime="20191103 21:02:51.807" endtime="20191103 21:02:51.878"></status>
</kw>
<status status="PASS" starttime="20191103 21:02:51.806" endtime="20191103 21:02:51.878"></status>
</kw>
<kw name="Enter User Name" library="RegistrationKeywords">
<arguments>
<arg>emma001</arg>
</arguments>
<kw name="Input Text" library="SeleniumLibrary">
<doc>Types the given ``text`` into text field identified by ``locator``.</doc>
<arguments>
<arg>${txt_UserName}</arg>
<arg>${username}</arg>
</arguments>
<msg timestamp="20191103 21:02:51.879" level="INFO">Typing text 'emma001' into text field 'name:email'.</msg>
<status status="PASS" starttime="20191103 21:02:51.879" endtime="20191103 21:02:51.952"></status>
</kw>
<status status="PASS" starttime="20191103 21:02:51.879" endtime="20191103 21:02:51.952"></status>
</kw>
<kw name="Enter Password" library="RegistrationKeywords">
<arguments>
<arg>admin123</arg>
</arguments>
<kw name="Input Text" library="SeleniumLibrary">
<doc>Types the given ``text`` into text field identified by ``locator``.</doc>
<arguments>
<arg>${txt_PassWord}</arg>
<arg>${passowrd}</arg>
</arguments>
<msg timestamp="20191103 21:02:51.953" level="INFO">Typing text 'admin123' into text field 'name:password'.</msg>
<status status="PASS" starttime="20191103 21:02:51.953" endtime="20191103 21:02:52.022"></status>
</kw>
<status status="PASS" starttime="20191103 21:02:51.952" endtime="20191103 21:02:52.022"></status>
</kw>
<kw name="Confirm Password" library="RegistrationKeywords">
<arguments>
<arg>admin123</arg>
</arguments>
<kw name="Input Text" library="SeleniumLibrary">
<doc>Types the given ``text`` into text field identified by ``locator``.</doc>
<arguments>
<arg>${txt_confrmPass}</arg>
<arg>${confirmpassword}</arg>
</arguments>
<msg timestamp="20191103 21:02:52.024" level="INFO">Typing text 'admin123' into text field 'name:confirmPassword'.</msg>
<status status="PASS" starttime="20191103 21:02:52.024" endtime="20191103 21:02:52.089"></status>
</kw>
<status status="PASS" starttime="20191103 21:02:52.022" endtime="20191103 21:02:52.090"></status>
</kw>
<kw name="Click Submit" library="RegistrationKeywords">
<kw name="Click Button" library="SeleniumLibrary">
<doc>Clicks button identified by ``locator``.</doc>
<arguments>
<arg>${click_submit}</arg>
</arguments>
<msg timestamp="20191103 21:02:52.090" level="INFO">Clicking button 'name:register'.</msg>
<status status="PASS" starttime="20191103 21:02:52.090" endtime="20191103 21:02:53.679"></status>
</kw>
<status status="PASS" starttime="20191103 21:02:52.090" endtime="20191103 21:02:53.679"></status>
</kw>
<kw name="Verify Succesful Registration" library="RegistrationKeywords">
<kw name="Page Should Contain" library="SeleniumLibrary">
<doc>Verifies that current page contains ``text``.</doc>
<arguments>
<arg>Thank you for registering.</arg>
</arguments>
<msg timestamp="20191103 21:02:53.695" level="INFO">Current page contains text 'Thank you for registering.'.</msg>
<status status="PASS" starttime="20191103 21:02:53.680" endtime="20191103 21:02:53.695"></status>
</kw>
<status status="PASS" starttime="20191103 21:02:53.680" endtime="20191103 21:02:53.695"></status>
</kw>
<kw name="Close my Browser" library="RegistrationKeywords">
<kw name="Close All Browsers" library="SeleniumLibrary">
<doc>Closes all open browsers and resets the browser cache.</doc>
<status status="PASS" starttime="20191103 21:02:53.696" endtime="20191103 21:02:53.773"></status>
</kw>
<status status="PASS" starttime="20191103 21:02:53.695" endtime="20191103 21:02:53.773"></status>
</kw>
<status status="PASS" starttime="20191103 21:02:46.816" endtime="20191103 21:02:53.774" critical="yes"></status>
</test>
<status status="PASS" starttime="20191103 21:02:46.594" endtime="20191103 21:02:53.777"></status>
</suite>
<statistics>
<total>
<stat pass="1" fail="0">Critical Tests</stat>
<stat pass="1" fail="0">All Tests</stat>
</total>
<tag>
</tag>
<suite>
<stat pass="1" fail="0" id="s1" name="RegistrationTest">RegistrationTest</stat>
</suite>
</statistics>
<errors>
</errors>
</robot>
