<?xml version="1.0" encoding="UTF-8"?>
<robot generator="Robot 3.1.2 (Python 3.7.4 on darwin)" generated="20191028 21:31:32.940" rpa="false">
<suite id="s1" name="practiceDDT" source="/Users/echalo/PycharmCoding/RobotFramework/Testcases/practiceDDT.robot">
<kw name="OPEN APP BROWSER" library="practice_resources" type="setup">
<kw name="Open Browser" library="SeleniumLibrary">
<doc>Opens a new browser instance to the given ``url``.</doc>
<arguments>
<arg>${LOGIN URL}</arg>
<arg>${BROWSER}</arg>
</arguments>
<msg timestamp="20191028 21:31:33.130" level="INFO">Opening browser 'chrome' to base url 'http://automationpractice.com/index.php'.</msg>
<status status="PASS" starttime="20191028 21:31:33.129" endtime="20191028 21:31:38.435"></status>
</kw>
<kw name="Maximize Browser Window" library="SeleniumLibrary">
<doc>Maximizes current browser window.</doc>
<status status="PASS" starttime="20191028 21:31:38.435" endtime="20191028 21:31:38.604"></status>
</kw>
<status status="PASS" starttime="20191028 21:31:33.129" endtime="20191028 21:31:38.604"></status>
</kw>
<test id="s1-t1" name="Right user wrong password">
<kw name="INVALID LOGIN TEST">
<arguments>
<arg>emma@gmail.com</arg>
<arg>admin222</arg>
</arguments>
<kw name="CLICK SIGN IN ON HOMEPAGE" library="practice_resources">
<kw name="Click Link" library="SeleniumLibrary">
<doc>Clicks a link identified by ``locator``.</doc>
<arguments>
<arg>Sign in</arg>
</arguments>
<msg timestamp="20191028 21:31:38.605" level="INFO">Clicking link 'Sign in'.</msg>
<status status="PASS" starttime="20191028 21:31:38.605" endtime="20191028 21:31:39.841"></status>
</kw>
<status status="PASS" starttime="20191028 21:31:38.605" endtime="20191028 21:31:39.841"></status>
</kw>
<kw name="INPUT USERNAME" library="practice_resources">
<arguments>
<arg>${username}</arg>
</arguments>
<kw name="Input Text" library="SeleniumLibrary">
<doc>Types the given ``text`` into text field identified by ``locator``.</doc>
<arguments>
<arg>id:email</arg>
<arg>${username}</arg>
</arguments>
<msg timestamp="20191028 21:31:39.842" level="INFO">Typing text 'emma@gmail.com' into text field 'id:email'.</msg>
<status status="PASS" starttime="20191028 21:31:39.842" endtime="20191028 21:31:39.966"></status>
</kw>
<status status="PASS" starttime="20191028 21:31:39.841" endtime="20191028 21:31:39.966"></status>
</kw>
<kw name="INPUT PASSWORD" library="practice_resources">
<arguments>
<arg>${password}</arg>
</arguments>
<kw name="Input Text" library="SeleniumLibrary">
<doc>Types the given ``text`` into text field identified by ``locator``.</doc>
<arguments>
<arg>id:passwd</arg>
<arg>${password}</arg>
</arguments>
<msg timestamp="20191028 21:31:39.966" level="INFO">Typing text 'admin222' into text field 'id:passwd'.</msg>
<status status="PASS" starttime="20191028 21:31:39.966" endtime="20191028 21:31:40.035"></status>
</kw>
<status status="PASS" starttime="20191028 21:31:39.966" endtime="20191028 21:31:40.035"></status>
</kw>
<kw name="SIGN IN" library="practice_resources">
<kw name="Click Element" library="SeleniumLibrary">
<doc>Click element identified by ``locator``.</doc>
<arguments>
<arg>id:SubmitLogin</arg>
</arguments>
<msg timestamp="20191028 21:31:40.035" level="INFO">Clicking element 'id:SubmitLogin'.</msg>
<status status="PASS" starttime="20191028 21:31:40.035" endtime="20191028 21:31:40.754"></status>
</kw>
<status status="PASS" starttime="20191028 21:31:40.035" endtime="20191028 21:31:40.754"></status>
</kw>
<kw name="ERROR MESSAGE SHOULD BE VISIBLE" library="practice_resources">
<kw name="Page Should Contain" library="SeleniumLibrary">
<doc>Verifies that current page contains ``text``.</doc>
<arguments>
<arg>There is 1 error</arg>
</arguments>
<msg timestamp="20191028 21:31:40.771" level="INFO">Current page contains text 'There is 1 error'.</msg>
<status status="PASS" starttime="20191028 21:31:40.755" endtime="20191028 21:31:40.771"></status>
</kw>
<status status="PASS" starttime="20191028 21:31:40.754" endtime="20191028 21:31:40.771"></status>
</kw>
<status status="PASS" starttime="20191028 21:31:38.604" endtime="20191028 21:31:40.771"></status>
</kw>
<status status="PASS" starttime="20191028 21:31:38.604" endtime="20191028 21:31:40.771" critical="yes"></status>
</test>
<test id="s1-t2" name="Right user empty password">
<kw name="INVALID LOGIN TEST">
<arguments>
<arg>emma@gmail.com</arg>
<arg>${EMPTY}</arg>
</arguments>
<kw name="CLICK SIGN IN ON HOMEPAGE" library="practice_resources">
<kw name="Click Link" library="SeleniumLibrary">
<doc>Clicks a link identified by ``locator``.</doc>
<arguments>
<arg>Sign in</arg>
</arguments>
<msg timestamp="20191028 21:31:40.773" level="INFO">Clicking link 'Sign in'.</msg>
<status status="PASS" starttime="20191028 21:31:40.772" endtime="20191028 21:31:41.767"></status>
</kw>
<status status="PASS" starttime="20191028 21:31:40.772" endtime="20191028 21:31:41.767"></status>
</kw>
<kw name="INPUT USERNAME" library="practice_resources">
<arguments>
<arg>${username}</arg>
</arguments>
<kw name="Input Text" library="SeleniumLibrary">
<doc>Types the given ``text`` into text field identified by ``locator``.</doc>
<arguments>
<arg>id:email</arg>
<arg>${username}</arg>
</arguments>
<msg timestamp="20191028 21:31:41.768" level="INFO">Typing text 'emma@gmail.com' into text field 'id:email'.</msg>
<status status="PASS" starttime="20191028 21:31:41.768" endtime="20191028 21:31:41.849"></status>
</kw>
<status status="PASS" starttime="20191028 21:31:41.768" endtime="20191028 21:31:41.849"></status>
</kw>
<kw name="INPUT PASSWORD" library="practice_resources">
<arguments>
<arg>${password}</arg>
</arguments>
<kw name="Input Text" library="SeleniumLibrary">
<doc>Types the given ``text`` into text field identified by ``locator``.</doc>
<arguments>
<arg>id:passwd</arg>
<arg>${password}</arg>
</arguments>
<msg timestamp="20191028 21:31:41.850" level="INFO">Typing text '' into text field 'id:passwd'.</msg>
<status status="PASS" starttime="20191028 21:31:41.850" endtime="20191028 21:31:41.896"></status>
</kw>
<status status="PASS" starttime="20191028 21:31:41.850" endtime="20191028 21:31:41.896"></status>
</kw>
<kw name="SIGN IN" library="practice_resources">
<kw name="Click Element" library="SeleniumLibrary">
<doc>Click element identified by ``locator``.</doc>
<arguments>
<arg>id:SubmitLogin</arg>
</arguments>
<msg timestamp="20191028 21:31:41.897" level="INFO">Clicking element 'id:SubmitLogin'.</msg>
<status status="PASS" starttime="20191028 21:31:41.897" endtime="20191028 21:31:42.684"></status>
</kw>
<status status="PASS" starttime="20191028 21:31:41.896" endtime="20191028 21:31:42.684"></status>
</kw>
<kw name="ERROR MESSAGE SHOULD BE VISIBLE" library="practice_resources">
<kw name="Page Should Contain" library="SeleniumLibrary">
<doc>Verifies that current page contains ``text``.</doc>
<arguments>
<arg>There is 1 error</arg>
</arguments>
<msg timestamp="20191028 21:31:42.693" level="INFO">Current page contains text 'There is 1 error'.</msg>
<status status="PASS" starttime="20191028 21:31:42.685" endtime="20191028 21:31:42.693"></status>
</kw>
<status status="PASS" starttime="20191028 21:31:42.684" endtime="20191028 21:31:42.693"></status>
</kw>
<status status="PASS" starttime="20191028 21:31:40.772" endtime="20191028 21:31:42.693"></status>
</kw>
<status status="PASS" starttime="20191028 21:31:40.772" endtime="20191028 21:31:42.693" critical="yes"></status>
</test>
<test id="s1-t3" name="Wrong user right password">
<kw name="INVALID LOGIN TEST">
<arguments>
<arg>emm@gmail.com</arg>
<arg>moimoi123</arg>
</arguments>
<kw name="CLICK SIGN IN ON HOMEPAGE" library="practice_resources">
<kw name="Click Link" library="SeleniumLibrary">
<doc>Clicks a link identified by ``locator``.</doc>
<arguments>
<arg>Sign in</arg>
</arguments>
<msg timestamp="20191028 21:31:42.695" level="INFO">Clicking link 'Sign in'.</msg>
<status status="PASS" starttime="20191028 21:31:42.695" endtime="20191028 21:31:43.688"></status>
</kw>
<status status="PASS" starttime="20191028 21:31:42.694" endtime="20191028 21:31:43.688"></status>
</kw>
<kw name="INPUT USERNAME" library="practice_resources">
<arguments>
<arg>${username}</arg>
</arguments>
<kw name="Input Text" library="SeleniumLibrary">
<doc>Types the given ``text`` into text field identified by ``locator``.</doc>
<arguments>
<arg>id:email</arg>
<arg>${username}</arg>
</arguments>
<msg timestamp="20191028 21:31:43.689" level="INFO">Typing text 'emm@gmail.com' into text field 'id:email'.</msg>
<status status="PASS" starttime="20191028 21:31:43.688" endtime="20191028 21:31:43.768"></status>
</kw>
<status status="PASS" starttime="20191028 21:31:43.688" endtime="20191028 21:31:43.768"></status>
</kw>
<kw name="INPUT PASSWORD" library="practice_resources">
<arguments>
<arg>${password}</arg>
</arguments>
<kw name="Input Text" library="SeleniumLibrary">
<doc>Types the given ``text`` into text field identified by ``locator``.</doc>
<arguments>
<arg>id:passwd</arg>
<arg>${password}</arg>
</arguments>
<msg timestamp="20191028 21:31:43.768" level="INFO">Typing text 'moimoi123' into text field 'id:passwd'.</msg>
<status status="PASS" starttime="20191028 21:31:43.768" endtime="20191028 21:31:43.830"></status>
</kw>
<status status="PASS" starttime="20191028 21:31:43.768" endtime="20191028 21:31:43.830"></status>
</kw>
<kw name="SIGN IN" library="practice_resources">
<kw name="Click Element" library="SeleniumLibrary">
<doc>Click element identified by ``locator``.</doc>
<arguments>
<arg>id:SubmitLogin</arg>
</arguments>
<msg timestamp="20191028 21:31:43.831" level="INFO">Clicking element 'id:SubmitLogin'.</msg>
<status status="PASS" starttime="20191028 21:31:43.830" endtime="20191028 21:31:44.532"></status>
</kw>
<status status="PASS" starttime="20191028 21:31:43.830" endtime="20191028 21:31:44.532"></status>
</kw>
<kw name="ERROR MESSAGE SHOULD BE VISIBLE" library="practice_resources">
<kw name="Page Should Contain" library="SeleniumLibrary">
<doc>Verifies that current page contains ``text``.</doc>
<arguments>
<arg>There is 1 error</arg>
</arguments>
<msg timestamp="20191028 21:31:44.541" level="INFO">Current page contains text 'There is 1 error'.</msg>
<status status="PASS" starttime="20191028 21:31:44.533" endtime="20191028 21:31:44.541"></status>
</kw>
<status status="PASS" starttime="20191028 21:31:44.532" endtime="20191028 21:31:44.541"></status>
</kw>
<status status="PASS" starttime="20191028 21:31:42.694" endtime="20191028 21:31:44.541"></status>
</kw>
<status status="PASS" starttime="20191028 21:31:42.694" endtime="20191028 21:31:44.541" critical="yes"></status>
</test>
<test id="s1-t4" name="Wrong user wrong password">
<kw name="INVALID LOGIN TEST">
<arguments>
<arg>emm@gmail.com</arg>
<arg>admin234</arg>
</arguments>
<kw name="CLICK SIGN IN ON HOMEPAGE" library="practice_resources">
<kw name="Click Link" library="SeleniumLibrary">
<doc>Clicks a link identified by ``locator``.</doc>
<arguments>
<arg>Sign in</arg>
</arguments>
<msg timestamp="20191028 21:31:44.542" level="INFO">Clicking link 'Sign in'.</msg>
<status status="PASS" starttime="20191028 21:31:44.542" endtime="20191028 21:31:45.644"></status>
</kw>
<status status="PASS" starttime="20191028 21:31:44.542" endtime="20191028 21:31:45.645"></status>
</kw>
<kw name="INPUT USERNAME" library="practice_resources">
<arguments>
<arg>${username}</arg>
</arguments>
<kw name="Input Text" library="SeleniumLibrary">
<doc>Types the given ``text`` into text field identified by ``locator``.</doc>
<arguments>
<arg>id:email</arg>
<arg>${username}</arg>
</arguments>
<msg timestamp="20191028 21:31:45.645" level="INFO">Typing text 'emm@gmail.com' into text field 'id:email'.</msg>
<status status="PASS" starttime="20191028 21:31:45.645" endtime="20191028 21:31:45.729"></status>
</kw>
<status status="PASS" starttime="20191028 21:31:45.645" endtime="20191028 21:31:45.729"></status>
</kw>
<kw name="INPUT PASSWORD" library="practice_resources">
<arguments>
<arg>${password}</arg>
</arguments>
<kw name="Input Text" library="SeleniumLibrary">
<doc>Types the given ``text`` into text field identified by ``locator``.</doc>
<arguments>
<arg>id:passwd</arg>
<arg>${password}</arg>
</arguments>
<msg timestamp="20191028 21:31:45.729" level="INFO">Typing text 'admin234' into text field 'id:passwd'.</msg>
<status status="PASS" starttime="20191028 21:31:45.729" endtime="20191028 21:31:45.786"></status>
</kw>
<status status="PASS" starttime="20191028 21:31:45.729" endtime="20191028 21:31:45.786"></status>
</kw>
<kw name="SIGN IN" library="practice_resources">
<kw name="Click Element" library="SeleniumLibrary">
<doc>Click element identified by ``locator``.</doc>
<arguments>
<arg>id:SubmitLogin</arg>
</arguments>
<msg timestamp="20191028 21:31:45.786" level="INFO">Clicking element 'id:SubmitLogin'.</msg>
<status status="PASS" starttime="20191028 21:31:45.786" endtime="20191028 21:31:46.576"></status>
</kw>
<status status="PASS" starttime="20191028 21:31:45.786" endtime="20191028 21:31:46.576"></status>
</kw>
<kw name="ERROR MESSAGE SHOULD BE VISIBLE" library="practice_resources">
<kw name="Page Should Contain" library="SeleniumLibrary">
<doc>Verifies that current page contains ``text``.</doc>
<arguments>
<arg>There is 1 error</arg>
</arguments>
<msg timestamp="20191028 21:31:46.585" level="INFO">Current page contains text 'There is 1 error'.</msg>
<status status="PASS" starttime="20191028 21:31:46.577" endtime="20191028 21:31:46.585"></status>
</kw>
<status status="PASS" starttime="20191028 21:31:46.576" endtime="20191028 21:31:46.585"></status>
</kw>
<status status="PASS" starttime="20191028 21:31:44.542" endtime="20191028 21:31:46.585"></status>
</kw>
<status status="PASS" starttime="20191028 21:31:44.541" endtime="20191028 21:31:46.585" critical="yes"></status>
</test>
<test id="s1-t5" name="Empty user worng password">
<kw name="INVALID LOGIN TEST">
<arguments>
<arg>${EMPTY}</arg>
<arg>admin334</arg>
</arguments>
<kw name="CLICK SIGN IN ON HOMEPAGE" library="practice_resources">
<kw name="Click Link" library="SeleniumLibrary">
<doc>Clicks a link identified by ``locator``.</doc>
<arguments>
<arg>Sign in</arg>
</arguments>
<msg timestamp="20191028 21:31:46.587" level="INFO">Clicking link 'Sign in'.</msg>
<status status="PASS" starttime="20191028 21:31:46.587" endtime="20191028 21:31:47.597"></status>
</kw>
<status status="PASS" starttime="20191028 21:31:46.586" endtime="20191028 21:31:47.597"></status>
</kw>
<kw name="INPUT USERNAME" library="practice_resources">
<arguments>
<arg>${username}</arg>
</arguments>
<kw name="Input Text" library="SeleniumLibrary">
<doc>Types the given ``text`` into text field identified by ``locator``.</doc>
<arguments>
<arg>id:email</arg>
<arg>${username}</arg>
</arguments>
<msg timestamp="20191028 21:31:47.598" level="INFO">Typing text '' into text field 'id:email'.</msg>
<status status="PASS" starttime="20191028 21:31:47.598" endtime="20191028 21:31:47.649"></status>
</kw>
<status status="PASS" starttime="20191028 21:31:47.597" endtime="20191028 21:31:47.649"></status>
</kw>
<kw name="INPUT PASSWORD" library="practice_resources">
<arguments>
<arg>${password}</arg>
</arguments>
<kw name="Input Text" library="SeleniumLibrary">
<doc>Types the given ``text`` into text field identified by ``locator``.</doc>
<arguments>
<arg>id:passwd</arg>
<arg>${password}</arg>
</arguments>
<msg timestamp="20191028 21:31:47.650" level="INFO">Typing text 'admin334' into text field 'id:passwd'.</msg>
<status status="PASS" starttime="20191028 21:31:47.650" endtime="20191028 21:31:47.726"></status>
</kw>
<status status="PASS" starttime="20191028 21:31:47.650" endtime="20191028 21:31:47.726"></status>
</kw>
<kw name="SIGN IN" library="practice_resources">
<kw name="Click Element" library="SeleniumLibrary">
<doc>Click element identified by ``locator``.</doc>
<arguments>
<arg>id:SubmitLogin</arg>
</arguments>
<msg timestamp="20191028 21:31:47.726" level="INFO">Clicking element 'id:SubmitLogin'.</msg>
<status status="PASS" starttime="20191028 21:31:47.726" endtime="20191028 21:31:48.516"></status>
</kw>
<status status="PASS" starttime="20191028 21:31:47.726" endtime="20191028 21:31:48.516"></status>
</kw>
<kw name="ERROR MESSAGE SHOULD BE VISIBLE" library="practice_resources">
<kw name="Page Should Contain" library="SeleniumLibrary">
<doc>Verifies that current page contains ``text``.</doc>
<arguments>
<arg>There is 1 error</arg>
</arguments>
<msg timestamp="20191028 21:31:48.525" level="INFO">Current page contains text 'There is 1 error'.</msg>
<status status="PASS" starttime="20191028 21:31:48.516" endtime="20191028 21:31:48.525"></status>
</kw>
<status status="PASS" starttime="20191028 21:31:48.516" endtime="20191028 21:31:48.525"></status>
</kw>
<status status="PASS" starttime="20191028 21:31:46.586" endtime="20191028 21:31:48.525"></status>
</kw>
<status status="PASS" starttime="20191028 21:31:46.586" endtime="20191028 21:31:48.525" critical="yes"></status>
</test>
<kw name="CLOSE APP BROWSER" library="practice_resources" type="teardown">
<kw name="Close All Browsers" library="SeleniumLibrary">
<doc>Closes all open browsers and resets the browser cache.</doc>
<status status="PASS" starttime="20191028 21:31:48.526" endtime="20191028 21:31:48.616"></status>
</kw>
<status status="PASS" starttime="20191028 21:31:48.526" endtime="20191028 21:31:48.616"></status>
</kw>
<status status="PASS" starttime="20191028 21:31:32.941" endtime="20191028 21:31:48.616"></status>
</suite>
<statistics>
<total>
<stat pass="5" fail="0">Critical Tests</stat>
<stat pass="5" fail="0">All Tests</stat>
</total>
<tag>
</tag>
<suite>
<stat pass="5" fail="0" id="s1" name="practiceDDT">practiceDDT</stat>
</suite>
</statistics>
<errors>
</errors>
</robot>
